This is pdfTeX, Version 3.14159265-2.6-1.40.20 (MiKTeX 2.9.7140 64-bit) (preloaded format=pdflatex 2019.8.30)  31 AUG 2019 00:11
entering extended mode
**C:/Users/m4rc0/Documents/programming_projects/LaTeX/Learn/sample.tex
(C:/Users/m4rc0/Documents/programming_projects/LaTeX/Learn/sample.tex
LaTeX2e <2018-12-01>

(C:\Users\m4rc0\AppData\Local\Programs\gVim\App\vim\vim80\programming\miktex\te
xmfs\install\tex/latex/base\article.cls
Document Class: article 2018/09/03 v1.4i Standard LaTeX document class

(C:\Users\m4rc0\AppData\Local\Programs\gVim\App\vim\vim80\programming\miktex\te
xmfs\install\tex/latex/base\size12.clo
File: size12.clo 2018/09/03 v1.4i Standard LaTeX file (size option)
)
\c@part=\count80
\c@section=\count81
\c@subsection=\count82
\c@subsubsection=\count83
\c@paragraph=\count84
\c@subparagraph=\count85
\c@figure=\count86
\c@table=\count87
\abovecaptionskip=\skip41
\belowcaptionskip=\skip42
\bibindent=\dimen102
) (sample.aux)
\openout1 = `sample.aux'.

LaTeX Font Info:    Checking defaults for OML/cmm/m/it on input line 2.
LaTeX Font Info:    ... okay on input line 2.
LaTeX Font Info:    Checking defaults for T1/cmr/m/n on input line 2.
LaTeX Font Info:    ... okay on input line 2.
LaTeX Font Info:    Checking defaults for OT1/cmr/m/n on input line 2.
LaTeX Font Info:    ... okay on input line 2.
LaTeX Font Info:    Checking defaults for OMS/cmsy/m/n on input line 2.
LaTeX Font Info:    ... okay on input line 2.
LaTeX Font Info:    Checking defaults for OMX/cmex/m/n on input line 2.
LaTeX Font Info:    ... okay on input line 2.
LaTeX Font Info:    Checking defaults for U/cmr/m/n on input line 2.
LaTeX Font Info:    ... okay on input line 2.
 (sample.toc)
\tf@toc=\write3
\openout3 = `sample.toc'.

 [1

{C:/Users/m4rc0/AppData/Local/Programs/gVim/App/vim/vim80/programming/miktex/te
xmfs/data/pdftex/config/pdftex.map}]
LaTeX Font Info:    External font `cmex10' loaded for size
(Font)              <12> on input line 8.
LaTeX Font Info:    External font `cmex10' loaded for size
(Font)              <8> on input line 8.
LaTeX Font Info:    External font `cmex10' loaded for size
(Font)              <6> on input line 8.
 [2] [3] [4] (sample.aux) ) 
Here is how much of TeX's memory you used:
 235 strings out of 492895
 3207 string characters out of 3120480
 60895 words of memory out of 3000000
 4221 multiletter control sequences out of 15000+200000
 7289 words of font info for 26 fonts, out of 3000000 for 9000
 1141 hyphenation exceptions out of 8191
 22i,4n,19p,189b,109s stack positions out of 5000i,500n,10000p,200000b,50000s
<C:/Users/m4rc0/AppData/Local/Programs/gVim/App/vim/
vim80/programming/miktex/texmfs/install/fonts/type1/public/amsfonts/cm/cmbx12.p
fb><C:/Users/m4rc0/AppData/Local/Programs/gVim/App/vim/vim80/programming/miktex
/texmfs/install/fonts/type1/public/amsfonts/cm/cmmi12.pfb><C:/Users/m4rc0/AppDa
ta/Local/Programs/gVim/App/vim/vim80/programming/miktex/texmfs/install/fonts/ty
pe1/public/amsfonts/cm/cmr12.pfb>
Output written on sample.pdf (4 pages, 38419 bytes).
PDF statistics:
 27 PDF objects out of 1000 (max. 8388607)
 0 named destinations out of 1000 (max. 500000)
 1 words of extra memory for PDF output out of 10000 (max. 10000000)

